<?xml version="1.0" encoding="UTF-8"?>
<!-- Generated by org.testng.reporters.JUnitReportReporter -->
<testsuite skipped="0" hostname="RAKESHKUMAR" name="com.rakesh.testcases.LoginTest" tests="1" failures="0" timestamp="31 Jul 2019 03:45:46 GMT" time="1.042" errors="0">
  <testcase name="loginTest" time="1.042" classname="com.rakesh.testcases.LoginTest"/>
</testsuite> <!-- com.rakesh.testcases.LoginTest -->
